[2022-01-17 09:08:25 : INFO] - Re_Smush_It_Task server status: Online 
[2022-01-17 09:08:27 : INFO] - Processing task with ID : 1, and type 'smush' 
[2022-01-17 09:08:27 : INFO] - Processing task with ID : 1, and type 'smush' 
[2022-01-17 09:08:27 : INFO] - Re_Smush_It_Task - attachment ID : 41, started on : January 17, 2022 09:08:27 
[2022-01-17 09:08:27 : INFO] - Re_Smush_It_Task - attachment ID : 41, started on : January 17, 2022 09:08:27 
[2022-01-17 09:08:27 : INFO] - 60 
[2022-01-17 09:08:27 : INFO] - 60 
[2022-01-17 09:08:31 : INFO] - Backing up the original image - 2022/01/folio-point-of-sale-updraft-pre-smush-original.jpeg 
[2022-01-17 09:08:31 : INFO] - Backing up the original image - 2022/01/folio-point-of-sale-updraft-pre-smush-original.jpeg 
[2022-01-17 09:08:31 : INFO] - Re_Smush_It_Task - attachment ID : 41, started on : January 17, 2022 09:08:27 
[2022-01-17 09:08:31 : INFO] - Re_Smush_It_Task - attachment ID : 41, started on : January 17, 2022 09:08:27 
[2022-01-17 09:08:31 : INFO] - 60 
[2022-01-17 09:08:31 : INFO] - 60 
[2022-01-17 09:08:32 : INFO] - Re_Smush_It_Task - attachment ID : 41, started on : January 17, 2022 09:08:27 
[2022-01-17 09:08:32 : INFO] - Re_Smush_It_Task - attachment ID : 41, started on : January 17, 2022 09:08:27 
[2022-01-17 09:08:32 : INFO] - 60 
[2022-01-17 09:08:32 : INFO] - 60 
[2022-01-17 09:08:33 : INFO] - Re_Smush_It_Task - attachment ID : 41, started on : January 17, 2022 09:08:27 
[2022-01-17 09:08:33 : INFO] - Re_Smush_It_Task - attachment ID : 41, started on : January 17, 2022 09:08:27 
[2022-01-17 09:08:33 : INFO] - 60 
[2022-01-17 09:08:33 : INFO] - 60 
[2022-01-17 09:08:40 : INFO] - Re_Smush_It_Task - attachment ID : 41, started on : January 17, 2022 09:08:27 
[2022-01-17 09:08:40 : INFO] - Re_Smush_It_Task - attachment ID : 41, started on : January 17, 2022 09:08:27 
[2022-01-17 09:08:40 : INFO] - 60 
[2022-01-17 09:08:40 : INFO] - 60 
[2022-01-17 09:08:42 : INFO] - Successfully optimized the image - /var/www/html/wp-content/uploads/2022/01/folio-point-of-sale.jpeg.The file was compressed from 60.81 KB to 28.87 KB saving 52.52 percent using WP-Optimize 
[2022-01-17 09:08:42 : INFO] - Successfully optimized the image - /var/www/html/wp-content/uploads/2022/01/folio-point-of-sale.jpeg.The file was compressed from 60.81 KB to 28.87 KB saving 52.52 percent using WP-Optimize 
[2022-01-17 09:08:42 : INFO] - Completed processing task with ID : 1, and type 'smush' 
[2022-01-17 09:08:42 : INFO] - Completed processing task with ID : 1, and type 'smush' 
